<?xml version="1.0" encoding="UTF-8"?>
<coverage generated="1636723966497" clover="3.2.0">
  <project timestamp="1636723966497" name="All files">
    <metrics statements="62" coveredstatements="61" conditionals="20" coveredconditionals="18" methods="17" coveredmethods="17" elements="99" coveredelements="96" complexity="0" loc="62" ncloc="62" packages="1" files="5" classes="5"/>
    <file name="Location.js" path="/Users/eric_dav/Desktop/Multiverse/Multiverse_Activities/Week-1/ScooterHireSystem/Location.js">
      <metrics statements="26" coveredstatements="25" conditionals="10" coveredconditionals="8" methods="9" coveredmethods="9"/>
      <line num="1" count="3" type="stmt"/>
      <line num="2" count="3" type="stmt"/>
      <line num="3" count="3" type="stmt"/>
      <line num="4" count="3" type="stmt"/>
      <line num="8" count="8" type="cond" truecount="2" falsecount="0"/>
      <line num="9" count="7" type="stmt"/>
      <line num="11" count="1" type="stmt"/>
      <line num="13" count="7" type="stmt"/>
      <line num="14" count="7" type="stmt"/>
      <line num="15" count="7" type="stmt"/>
      <line num="19" count="16" type="stmt"/>
      <line num="20" count="16" type="stmt"/>
      <line num="24" count="6" type="stmt"/>
      <line num="25" count="1" type="cond" truecount="3" falsecount="1"/>
      <line num="26" count="1" type="stmt"/>
      <line num="27" count="1" type="stmt"/>
      <line num="29" count="0" type="stmt"/>
      <line num="35" count="2" type="stmt"/>
      <line num="36" count="2" type="stmt"/>
      <line num="37" count="10" type="cond" truecount="2" falsecount="0"/>
      <line num="39" count="2" type="stmt"/>
      <line num="43" count="1" type="stmt"/>
      <line num="44" count="6" type="cond" truecount="1" falsecount="1"/>
      <line num="49" count="6" type="stmt"/>
      <line num="50" count="6" type="stmt"/>
      <line num="54" count="3" type="stmt"/>
    </file>
    <file name="Maintenance.js" path="/Users/eric_dav/Desktop/Multiverse/Multiverse_Activities/Week-1/ScooterHireSystem/Maintenance.js">
      <metrics statements="4" coveredstatements="4" conditionals="0" coveredconditionals="0" methods="2" coveredmethods="2"/>
      <line num="1" count="4" type="stmt"/>
      <line num="5" count="8" type="stmt"/>
      <line num="9" count="7" type="stmt"/>
      <line num="13" count="4" type="stmt"/>
    </file>
    <file name="Person.js" path="/Users/eric_dav/Desktop/Multiverse/Multiverse_Activities/Week-1/ScooterHireSystem/Person.js">
      <metrics statements="7" coveredstatements="7" conditionals="4" coveredconditionals="4" methods="1" coveredmethods="1"/>
      <line num="3" count="16" type="cond" truecount="2" falsecount="0"/>
      <line num="4" count="15" type="stmt"/>
      <line num="6" count="1" type="stmt"/>
      <line num="9" count="15" type="cond" truecount="2" falsecount="0"/>
      <line num="10" count="14" type="stmt"/>
      <line num="12" count="1" type="stmt"/>
      <line num="17" count="5" type="stmt"/>
    </file>
    <file name="Rider.js" path="/Users/eric_dav/Desktop/Multiverse/Multiverse_Activities/Week-1/ScooterHireSystem/Rider.js">
      <metrics statements="15" coveredstatements="15" conditionals="3" coveredconditionals="3" methods="4" coveredmethods="4"/>
      <line num="1" count="3" type="stmt"/>
      <line num="5" count="6" type="stmt"/>
      <line num="6" count="6" type="stmt"/>
      <line num="7" count="6" type="stmt"/>
      <line num="8" count="6" type="stmt"/>
      <line num="9" count="6" type="stmt"/>
      <line num="13" count="6" type="cond" truecount="2" falsecount="0"/>
      <line num="17" count="4" type="stmt"/>
      <line num="18" count="4" type="stmt"/>
      <line num="19" count="4" type="stmt"/>
      <line num="23" count="1" type="stmt"/>
      <line num="24" count="1" type="stmt"/>
      <line num="25" count="1" type="stmt"/>
      <line num="26" count="1" type="stmt"/>
      <line num="30" count="3" type="stmt"/>
    </file>
    <file name="Scooter.js" path="/Users/eric_dav/Desktop/Multiverse/Multiverse_Activities/Week-1/ScooterHireSystem/Scooter.js">
      <metrics statements="10" coveredstatements="10" conditionals="3" coveredconditionals="3" methods="1" coveredmethods="1"/>
      <line num="3" count="17" type="cond" truecount="2" falsecount="0"/>
      <line num="4" count="16" type="stmt"/>
      <line num="6" count="1" type="stmt"/>
      <line num="8" count="16" type="stmt"/>
      <line num="9" count="16" type="stmt"/>
      <line num="10" count="16" type="stmt"/>
      <line num="11" count="16" type="stmt"/>
      <line num="12" count="16" type="stmt"/>
      <line num="13" count="16" type="stmt"/>
      <line num="17" count="4" type="stmt"/>
    </file>
  </project>
</coverage>
