{"/Users/eric_dav/Desktop/Multiverse/Multiverse_Activities/Week-1/ScooterHireSystem/Location.js": {"path":"/Users/eric_dav/Desktop/Multiverse/Multiverse_Activities/Week-1/ScooterHireSystem/Location.js","statementMap":{"0":{"start":{"line":1,"column":27},"end":{"line":1,"column":50}},"1":{"start":{"line":2,"column":20},"end":{"line":2,"column":44}},"2":{"start":{"line":3,"column":14},"end":{"line":3,"column":32}},"3":{"start":{"line":4,"column":16},"end":{"line":4,"column":36}},"4":{"start":{"line":8,"column":8},"end":{"line":12,"column":9}},"5":{"start":{"line":9,"column":12},"end":{"line":9,"column":28}},"6":{"start":{"line":11,"column":12},"end":{"line":11,"column":44}},"7":{"start":{"line":13,"column":8},"end":{"line":13,"column":31}},"8":{"start":{"line":14,"column":8},"end":{"line":14,"column":32}},"9":{"start":{"line":15,"column":8},"end":{"line":15,"column":26}},"10":{"start":{"line":19,"column":8},"end":{"line":19,"column":36}},"11":{"start":{"line":20,"column":8},"end":{"line":20,"column":35}},"12":{"start":{"line":24,"column":8},"end":{"line":24,"column":57}},"13":{"start":{"line":24,"column":37},"end":{"line":24,"column":56}},"14":{"start":{"line":25,"column":8},"end":{"line":30,"column":9}},"15":{"start":{"line":26,"column":32},"end":{"line":26,"column":51}},"16":{"start":{"line":27,"column":12},"end":{"line":27,"column":32}},"17":{"start":{"line":29,"column":12},"end":{"line":29,"column":50}},"18":{"start":{"line":35,"column":20},"end":{"line":35,"column":21}},"19":{"start":{"line":36,"column":8},"end":{"line":38,"column":10}},"20":{"start":{"line":37,"column":10},"end":{"line":37,"column":45}},"21":{"start":{"line":37,"column":35},"end":{"line":37,"column":45}},"22":{"start":{"line":39,"column":8},"end":{"line":39,"column":20}},"23":{"start":{"line":43,"column":8},"end":{"line":45,"column":10}},"24":{"start":{"line":44,"column":12},"end":{"line":44,"column":61}},"25":{"start":{"line":44,"column":37},"end":{"line":44,"column":61}},"26":{"start":{"line":49,"column":25},"end":{"line":49,"column":59}},"27":{"start":{"line":50,"column":8},"end":{"line":50,"column":45}},"28":{"start":{"line":54,"column":0},"end":{"line":54,"column":25}}},"fnMap":{"0":{"name":"(anonymous_0)","decl":{"start":{"line":7,"column":4},"end":{"line":7,"column":5}},"loc":{"start":{"line":7,"column":22},"end":{"line":16,"column":5}},"line":7},"1":{"name":"(anonymous_1)","decl":{"start":{"line":18,"column":4},"end":{"line":18,"column":5}},"loc":{"start":{"line":18,"column":24},"end":{"line":21,"column":5}},"line":18},"2":{"name":"(anonymous_2)","decl":{"start":{"line":23,"column":4},"end":{"line":23,"column":5}},"loc":{"start":{"line":23,"column":21},"end":{"line":32,"column":5}},"line":23},"3":{"name":"(anonymous_3)","decl":{"start":{"line":24,"column":27},"end":{"line":24,"column":28}},"loc":{"start":{"line":24,"column":37},"end":{"line":24,"column":56}},"line":24},"4":{"name":"(anonymous_4)","decl":{"start":{"line":34,"column":4},"end":{"line":34,"column":5}},"loc":{"start":{"line":34,"column":18},"end":{"line":40,"column":5}},"line":34},"5":{"name":"(anonymous_5)","decl":{"start":{"line":36,"column":30},"end":{"line":36,"column":31}},"loc":{"start":{"line":36,"column":38},"end":{"line":38,"column":9}},"line":36},"6":{"name":"(anonymous_6)","decl":{"start":{"line":42,"column":4},"end":{"line":42,"column":5}},"loc":{"start":{"line":42,"column":21},"end":{"line":46,"column":5}},"line":42},"7":{"name":"(anonymous_7)","decl":{"start":{"line":43,"column":30},"end":{"line":43,"column":31}},"loc":{"start":{"line":43,"column":38},"end":{"line":45,"column":9}},"line":43},"8":{"name":"(anonymous_8)","decl":{"start":{"line":48,"column":4},"end":{"line":48,"column":5}},"loc":{"start":{"line":48,"column":33},"end":{"line":51,"column":5}},"line":48}},"branchMap":{"0":{"loc":{"start":{"line":8,"column":8},"end":{"line":12,"column":9}},"type":"if","locations":[{"start":{"line":8,"column":8},"end":{"line":12,"column":9}},{"start":{"line":10,"column":15},"end":{"line":12,"column":9}}],"line":8},"1":{"loc":{"start":{"line":25,"column":8},"end":{"line":30,"column":9}},"type":"if","locations":[{"start":{"line":25,"column":8},"end":{"line":30,"column":9}},{"start":{"line":28,"column":15},"end":{"line":30,"column":9}}],"line":25},"2":{"loc":{"start":{"line":25,"column":12},"end":{"line":25,"column":70}},"type":"binary-expr","locations":[{"start":{"line":25,"column":12},"end":{"line":25,"column":25}},{"start":{"line":25,"column":29},"end":{"line":25,"column":70}}],"line":25},"3":{"loc":{"start":{"line":37,"column":10},"end":{"line":37,"column":45}},"type":"if","locations":[{"start":{"line":37,"column":10},"end":{"line":37,"column":45}},{"start":{},"end":{}}],"line":37},"4":{"loc":{"start":{"line":44,"column":12},"end":{"line":44,"column":61}},"type":"if","locations":[{"start":{"line":44,"column":12},"end":{"line":44,"column":61}},{"start":{},"end":{}}],"line":44}},"s":{"0":3,"1":3,"2":3,"3":3,"4":8,"5":7,"6":1,"7":7,"8":7,"9":7,"10":16,"11":16,"12":1,"13":6,"14":1,"15":1,"16":1,"17":0,"18":2,"19":2,"20":10,"21":2,"22":2,"23":1,"24":6,"25":6,"26":6,"27":6,"28":3},"f":{"0":8,"1":16,"2":1,"3":6,"4":2,"5":10,"6":1,"7":6,"8":6},"b":{"0":[7,1],"1":[1,0],"2":[1,1],"3":[2,8],"4":[6,0]},"_coverageSchema":"1a1c01bbd47fc00a2c39e90264f33305004495a9","hash":"6e6b990f7626ccb5de298483cc0f4d940063884d"}
,"/Users/eric_dav/Desktop/Multiverse/Multiverse_Activities/Week-1/ScooterHireSystem/Maintenance.js": {"path":"/Users/eric_dav/Desktop/Multiverse/Multiverse_Activities/Week-1/ScooterHireSystem/Maintenance.js","statementMap":{"0":{"start":{"line":1,"column":15},"end":{"line":1,"column":34}},"1":{"start":{"line":5,"column":8},"end":{"line":5,"column":23}},"2":{"start":{"line":9,"column":8},"end":{"line":9,"column":30}},"3":{"start":{"line":13,"column":0},"end":{"line":13,"column":28}}},"fnMap":{"0":{"name":"(anonymous_0)","decl":{"start":{"line":4,"column":4},"end":{"line":4,"column":5}},"loc":{"start":{"line":4,"column":22},"end":{"line":6,"column":5}},"line":4},"1":{"name":"(anonymous_1)","decl":{"start":{"line":8,"column":4},"end":{"line":8,"column":5}},"loc":{"start":{"line":8,"column":27},"end":{"line":10,"column":5}},"line":8}},"branchMap":{},"s":{"0":4,"1":8,"2":7,"3":4},"f":{"0":8,"1":7},"b":{},"_coverageSchema":"1a1c01bbd47fc00a2c39e90264f33305004495a9","hash":"6e39493297e567f255ca9e5c2ef75926c4372b6a"}
,"/Users/eric_dav/Desktop/Multiverse/Multiverse_Activities/Week-1/ScooterHireSystem/Person.js": {"path":"/Users/eric_dav/Desktop/Multiverse/Multiverse_Activities/Week-1/ScooterHireSystem/Person.js","statementMap":{"0":{"start":{"line":3,"column":8},"end":{"line":7,"column":9}},"1":{"start":{"line":4,"column":12},"end":{"line":4,"column":28}},"2":{"start":{"line":6,"column":12},"end":{"line":6,"column":62}},"3":{"start":{"line":9,"column":8},"end":{"line":13,"column":9}},"4":{"start":{"line":10,"column":12},"end":{"line":10,"column":26}},"5":{"start":{"line":12,"column":12},"end":{"line":12,"column":61}},"6":{"start":{"line":17,"column":0},"end":{"line":17,"column":23}}},"fnMap":{"0":{"name":"(anonymous_0)","decl":{"start":{"line":2,"column":4},"end":{"line":2,"column":5}},"loc":{"start":{"line":2,"column":27},"end":{"line":14,"column":5}},"line":2}},"branchMap":{"0":{"loc":{"start":{"line":3,"column":8},"end":{"line":7,"column":9}},"type":"if","locations":[{"start":{"line":3,"column":8},"end":{"line":7,"column":9}},{"start":{"line":5,"column":15},"end":{"line":7,"column":9}}],"line":3},"1":{"loc":{"start":{"line":9,"column":8},"end":{"line":13,"column":9}},"type":"if","locations":[{"start":{"line":9,"column":8},"end":{"line":13,"column":9}},{"start":{"line":11,"column":15},"end":{"line":13,"column":9}}],"line":9}},"s":{"0":16,"1":15,"2":1,"3":15,"4":14,"5":1,"6":5},"f":{"0":16},"b":{"0":[15,1],"1":[14,1]},"_coverageSchema":"1a1c01bbd47fc00a2c39e90264f33305004495a9","hash":"b21179452fef15f62e8b12272c37a0cac0a638ed"}
,"/Users/eric_dav/Desktop/Multiverse/Multiverse_Activities/Week-1/ScooterHireSystem/Rider.js": {"path":"/Users/eric_dav/Desktop/Multiverse/Multiverse_Activities/Week-1/ScooterHireSystem/Rider.js","statementMap":{"0":{"start":{"line":1,"column":15},"end":{"line":1,"column":34}},"1":{"start":{"line":5,"column":8},"end":{"line":5,"column":24}},"2":{"start":{"line":6,"column":8},"end":{"line":6,"column":30}},"3":{"start":{"line":7,"column":8},"end":{"line":7,"column":25}},"4":{"start":{"line":8,"column":8},"end":{"line":8,"column":31}},"5":{"start":{"line":9,"column":8},"end":{"line":9,"column":30}},"6":{"start":{"line":13,"column":8},"end":{"line":13,"column":52}},"7":{"start":{"line":17,"column":8},"end":{"line":17,"column":33}},"8":{"start":{"line":18,"column":8},"end":{"line":18,"column":52}},"9":{"start":{"line":19,"column":8},"end":{"line":19,"column":33}},"10":{"start":{"line":23,"column":8},"end":{"line":23,"column":31}},"11":{"start":{"line":24,"column":8},"end":{"line":24,"column":27}},"12":{"start":{"line":25,"column":8},"end":{"line":25,"column":26}},"13":{"start":{"line":26,"column":8},"end":{"line":26,"column":36}},"14":{"start":{"line":30,"column":1},"end":{"line":30,"column":23}}},"fnMap":{"0":{"name":"(anonymous_0)","decl":{"start":{"line":4,"column":4},"end":{"line":4,"column":5}},"loc":{"start":{"line":4,"column":44},"end":{"line":10,"column":5}},"line":4},"1":{"name":"(anonymous_1)","decl":{"start":{"line":12,"column":4},"end":{"line":12,"column":5}},"loc":{"start":{"line":12,"column":21},"end":{"line":14,"column":5}},"line":12},"2":{"name":"(anonymous_2)","decl":{"start":{"line":16,"column":4},"end":{"line":16,"column":5}},"loc":{"start":{"line":16,"column":25},"end":{"line":20,"column":5}},"line":16},"3":{"name":"(anonymous_3)","decl":{"start":{"line":22,"column":4},"end":{"line":22,"column":5}},"loc":{"start":{"line":22,"column":45},"end":{"line":27,"column":5}},"line":22}},"branchMap":{"0":{"loc":{"start":{"line":4,"column":27},"end":{"line":4,"column":42}},"type":"default-arg","locations":[{"start":{"line":4,"column":37},"end":{"line":4,"column":42}}],"line":4},"1":{"loc":{"start":{"line":13,"column":23},"end":{"line":13,"column":52}},"type":"cond-expr","locations":[{"start":{"line":13,"column":40},"end":{"line":13,"column":44}},{"start":{"line":13,"column":47},"end":{"line":13,"column":52}}],"line":13}},"s":{"0":3,"1":6,"2":6,"3":6,"4":6,"5":6,"6":6,"7":4,"8":4,"9":4,"10":1,"11":1,"12":1,"13":1,"14":3},"f":{"0":6,"1":6,"2":4,"3":1},"b":{"0":[6],"1":[5,1]},"_coverageSchema":"1a1c01bbd47fc00a2c39e90264f33305004495a9","hash":"b7e431f96166e87e7ff73270a0bf7d44d73af403"}
,"/Users/eric_dav/Desktop/Multiverse/Multiverse_Activities/Week-1/ScooterHireSystem/Scooter.js": {"path":"/Users/eric_dav/Desktop/Multiverse/Multiverse_Activities/Week-1/ScooterHireSystem/Scooter.js","statementMap":{"0":{"start":{"line":3,"column":8},"end":{"line":7,"column":9}},"1":{"start":{"line":4,"column":12},"end":{"line":4,"column":24}},"2":{"start":{"line":6,"column":12},"end":{"line":6,"column":63}},"3":{"start":{"line":8,"column":8},"end":{"line":8,"column":32}},"4":{"start":{"line":9,"column":8},"end":{"line":9,"column":28}},"5":{"start":{"line":10,"column":8},"end":{"line":10,"column":30}},"6":{"start":{"line":11,"column":8},"end":{"line":11,"column":20}},"7":{"start":{"line":12,"column":8},"end":{"line":12,"column":23}},"8":{"start":{"line":13,"column":8},"end":{"line":13,"column":24}},"9":{"start":{"line":17,"column":0},"end":{"line":17,"column":24}}},"fnMap":{"0":{"name":"(anonymous_0)","decl":{"start":{"line":2,"column":4},"end":{"line":2,"column":5}},"loc":{"start":{"line":2,"column":54},"end":{"line":14,"column":5}},"line":2}},"branchMap":{"0":{"loc":{"start":{"line":2,"column":30},"end":{"line":2,"column":44}},"type":"default-arg","locations":[{"start":{"line":2,"column":39},"end":{"line":2,"column":44}}],"line":2},"1":{"loc":{"start":{"line":3,"column":8},"end":{"line":7,"column":9}},"type":"if","locations":[{"start":{"line":3,"column":8},"end":{"line":7,"column":9}},{"start":{"line":5,"column":15},"end":{"line":7,"column":9}}],"line":3}},"s":{"0":17,"1":16,"2":1,"3":16,"4":16,"5":16,"6":16,"7":16,"8":16,"9":4},"f":{"0":17},"b":{"0":[1],"1":[16,1]},"_coverageSchema":"1a1c01bbd47fc00a2c39e90264f33305004495a9","hash":"79176a20fc4ddc27e5d343af70e81f09d4ba1aaf"}
}
