TN:
SF:Location.js
FN:7,(anonymous_0)
FN:18,(anonymous_1)
FN:23,(anonymous_2)
FN:24,(anonymous_3)
FN:34,(anonymous_4)
FN:36,(anonymous_5)
FN:42,(anonymous_6)
FN:43,(anonymous_7)
FN:48,(anonymous_8)
FNF:9
FNH:9
FNDA:8,(anonymous_0)
FNDA:16,(anonymous_1)
FNDA:1,(anonymous_2)
FNDA:6,(anonymous_3)
FNDA:2,(anonymous_4)
FNDA:10,(anonymous_5)
FNDA:1,(anonymous_6)
FNDA:6,(anonymous_7)
FNDA:6,(anonymous_8)
DA:1,3
DA:2,3
DA:3,3
DA:4,3
DA:8,8
DA:9,7
DA:11,1
DA:13,7
DA:14,7
DA:15,7
DA:19,16
DA:20,16
DA:24,6
DA:25,1
DA:26,1
DA:27,1
DA:29,0
DA:35,2
DA:36,2
DA:37,10
DA:39,2
DA:43,1
DA:44,6
DA:49,6
DA:50,6
DA:54,3
LF:26
LH:25
BRDA:8,0,0,7
BRDA:8,0,1,1
BRDA:25,1,0,1
BRDA:25,1,1,0
BRDA:25,2,0,1
BRDA:25,2,1,1
BRDA:37,3,0,2
BRDA:37,3,1,8
BRDA:44,4,0,6
BRDA:44,4,1,0
BRF:10
BRH:8
end_of_record
TN:
SF:Maintenance.js
FN:4,(anonymous_0)
FN:8,(anonymous_1)
FNF:2
FNH:2
FNDA:8,(anonymous_0)
FNDA:7,(anonymous_1)
DA:1,4
DA:5,8
DA:9,7
DA:13,4
LF:4
LH:4
BRF:0
BRH:0
end_of_record
TN:
SF:Person.js
FN:2,(anonymous_0)
FNF:1
FNH:1
FNDA:16,(anonymous_0)
DA:3,16
DA:4,15
DA:6,1
DA:9,15
DA:10,14
DA:12,1
DA:17,5
LF:7
LH:7
BRDA:3,0,0,15
BRDA:3,0,1,1
BRDA:9,1,0,14
BRDA:9,1,1,1
BRF:4
BRH:4
end_of_record
TN:
SF:Rider.js
FN:4,(anonymous_0)
FN:12,(anonymous_1)
FN:16,(anonymous_2)
FN:22,(anonymous_3)
FNF:4
FNH:4
FNDA:6,(anonymous_0)
FNDA:6,(anonymous_1)
FNDA:4,(anonymous_2)
FNDA:1,(anonymous_3)
DA:1,3
DA:5,6
DA:6,6
DA:7,6
DA:8,6
DA:9,6
DA:13,6
DA:17,4
DA:18,4
DA:19,4
DA:23,1
DA:24,1
DA:25,1
DA:26,1
DA:30,3
LF:15
LH:15
BRDA:4,0,0,6
BRDA:13,1,0,5
BRDA:13,1,1,1
BRF:3
BRH:3
end_of_record
TN:
SF:Scooter.js
FN:2,(anonymous_0)
FNF:1
FNH:1
FNDA:17,(anonymous_0)
DA:3,17
DA:4,16
DA:6,1
DA:8,16
DA:9,16
DA:10,16
DA:11,16
DA:12,16
DA:13,16
DA:17,4
LF:10
LH:10
BRDA:2,0,0,1
BRDA:3,1,0,16
BRDA:3,1,1,1
BRF:3
BRH:3
end_of_record
