<?xml version="1.0" encoding="UTF-8"?>
<coverage generated="1636411783102" clover="3.2.0">
  <project timestamp="1636411783103" name="All files">
    <metrics statements="56" coveredstatements="51" conditionals="16" coveredconditionals="13" methods="12" coveredmethods="11" elements="84" coveredelements="75" complexity="0" loc="56" ncloc="56" packages="1" files="6" classes="6"/>
    <file name="Airport.js" path="/usr/local/google/home/edavenportjr/Desktop/Multiverse_Activities/Week-1/AirportDomain/Airport.js">
      <metrics statements="12" coveredstatements="9" conditionals="2" coveredconditionals="1" methods="3" coveredmethods="2"/>
      <line num="1" count="2" type="stmt"/>
      <line num="5" count="2" type="stmt"/>
      <line num="8" count="2" type="stmt"/>
      <line num="9" count="2" type="stmt"/>
      <line num="10" count="2" type="stmt"/>
      <line num="14" count="2" type="cond" truecount="1" falsecount="1"/>
      <line num="15" count="2" type="stmt"/>
      <line num="18" count="2" type="stmt"/>
      <line num="24" count="0" type="stmt"/>
      <line num="25" count="0" type="stmt"/>
      <line num="26" count="0" type="stmt"/>
      <line num="30" count="2" type="stmt"/>
    </file>
    <file name="Bag.js" path="/usr/local/google/home/edavenportjr/Desktop/Multiverse_Activities/Week-1/AirportDomain/Bag.js">
      <metrics statements="9" coveredstatements="8" conditionals="4" coveredconditionals="3" methods="2" coveredmethods="2"/>
      <line num="4" count="6" type="cond" truecount="2" falsecount="0"/>
      <line num="5" count="5" type="stmt"/>
      <line num="7" count="1" type="stmt"/>
      <line num="9" count="5" type="stmt"/>
      <line num="10" count="5" type="stmt"/>
      <line num="14" count="5" type="cond" truecount="1" falsecount="1"/>
      <line num="15" count="0" type="stmt"/>
      <line num="17" count="5" type="stmt"/>
      <line num="24" count="4" type="stmt"/>
    </file>
    <file name="CrewMember.js" path="/usr/local/google/home/edavenportjr/Desktop/Multiverse_Activities/Week-1/AirportDomain/CrewMember.js">
      <metrics statements="8" coveredstatements="7" conditionals="2" coveredconditionals="1" methods="1" coveredmethods="1"/>
      <line num="1" count="2" type="stmt"/>
      <line num="2" count="2" type="stmt"/>
      <line num="6" count="6" type="stmt"/>
      <line num="7" count="4" type="cond" truecount="1" falsecount="1"/>
      <line num="8" count="4" type="stmt"/>
      <line num="10" count="0" type="stmt"/>
      <line num="13" count="4" type="stmt"/>
      <line num="17" count="2" type="stmt"/>
    </file>
    <file name="Passenger.js" path="/usr/local/google/home/edavenportjr/Desktop/Multiverse_Activities/Week-1/AirportDomain/Passenger.js">
      <metrics statements="11" coveredstatements="11" conditionals="0" coveredconditionals="0" methods="1" coveredmethods="1"/>
      <line num="1" count="3" type="stmt"/>
      <line num="2" count="3" type="stmt"/>
      <line num="6" count="6" type="stmt"/>
      <line num="7" count="6" type="stmt"/>
      <line num="8" count="6" type="stmt"/>
      <line num="13" count="3" type="stmt"/>
      <line num="19" count="3" type="stmt"/>
      <line num="20" count="3" type="stmt"/>
      <line num="21" count="3" type="stmt"/>
      <line num="22" count="3" type="stmt"/>
      <line num="23" count="3" type="stmt"/>
    </file>
    <file name="Person.js" path="/usr/local/google/home/edavenportjr/Desktop/Multiverse_Activities/Week-1/AirportDomain/Person.js">
      <metrics statements="8" coveredstatements="8" conditionals="8" coveredconditionals="8" methods="2" coveredmethods="2"/>
      <line num="3" count="12" type="cond" truecount="4" falsecount="0"/>
      <line num="4" count="10" type="stmt"/>
      <line num="5" count="2" type="cond" truecount="4" falsecount="0"/>
      <line num="6" count="1" type="stmt"/>
      <line num="8" count="1" type="stmt"/>
      <line num="11" count="10" type="stmt"/>
      <line num="15" count="5" type="stmt"/>
      <line num="19" count="3" type="stmt"/>
    </file>
    <file name="Plane.js" path="/usr/local/google/home/edavenportjr/Desktop/Multiverse_Activities/Week-1/AirportDomain/Plane.js">
      <metrics statements="8" coveredstatements="8" conditionals="0" coveredconditionals="0" methods="3" coveredmethods="3"/>
      <line num="3" count="6" type="stmt"/>
      <line num="4" count="6" type="stmt"/>
      <line num="5" count="6" type="stmt"/>
      <line num="6" count="6" type="stmt"/>
      <line num="7" count="6" type="stmt"/>
      <line num="11" count="2" type="stmt"/>
      <line num="15" count="2" type="stmt"/>
      <line num="19" count="4" type="stmt"/>
    </file>
  </project>
</coverage>
