{"/usr/local/google/home/edavenportjr/Desktop/Multiverse_Activities/Week-1/AirportDomain/Airport.js": {"path":"/usr/local/google/home/edavenportjr/Desktop/Multiverse_Activities/Week-1/AirportDomain/Airport.js","statementMap":{"0":{"start":{"line":1,"column":14},"end":{"line":1,"column":32}},"1":{"start":{"line":5,"column":22},"end":{"line":5,"column":24}},"2":{"start":{"line":8,"column":8},"end":{"line":8,"column":24}},"3":{"start":{"line":9,"column":8},"end":{"line":9,"column":24}},"4":{"start":{"line":10,"column":8},"end":{"line":10,"column":44}},"5":{"start":{"line":14,"column":8},"end":{"line":16,"column":9}},"6":{"start":{"line":15,"column":12},"end":{"line":15,"column":41}},"7":{"start":{"line":18,"column":8},"end":{"line":18,"column":31}},"8":{"start":{"line":24,"column":8},"end":{"line":24,"column":32}},"9":{"start":{"line":25,"column":20},"end":{"line":25,"column":46}},"10":{"start":{"line":26,"column":8},"end":{"line":26,"column":36}},"11":{"start":{"line":30,"column":0},"end":{"line":30,"column":24}}},"fnMap":{"0":{"name":"(anonymous_0)","decl":{"start":{"line":7,"column":4},"end":{"line":7,"column":5}},"loc":{"start":{"line":7,"column":22},"end":{"line":11,"column":5}},"line":7},"1":{"name":"(anonymous_1)","decl":{"start":{"line":13,"column":4},"end":{"line":13,"column":5}},"loc":{"start":{"line":13,"column":24},"end":{"line":19,"column":5}},"line":13},"2":{"name":"(anonymous_2)","decl":{"start":{"line":22,"column":4},"end":{"line":22,"column":5}},"loc":{"start":{"line":22,"column":24},"end":{"line":27,"column":5}},"line":22}},"branchMap":{"0":{"loc":{"start":{"line":14,"column":8},"end":{"line":16,"column":9}},"type":"if","locations":[{"start":{"line":14,"column":8},"end":{"line":16,"column":9}},{"start":{},"end":{}}],"line":14}},"s":{"0":2,"1":2,"2":2,"3":2,"4":2,"5":2,"6":2,"7":2,"8":0,"9":0,"10":0,"11":2},"f":{"0":2,"1":2,"2":0},"b":{"0":[2,0]},"_coverageSchema":"1a1c01bbd47fc00a2c39e90264f33305004495a9","hash":"6808fb8d053d7eabed3dbfae33b68f163b90f6db"}
,"/usr/local/google/home/edavenportjr/Desktop/Multiverse_Activities/Week-1/AirportDomain/Bag.js": {"path":"/usr/local/google/home/edavenportjr/Desktop/Multiverse_Activities/Week-1/AirportDomain/Bag.js","statementMap":{"0":{"start":{"line":4,"column":8},"end":{"line":8,"column":9}},"1":{"start":{"line":5,"column":12},"end":{"line":5,"column":32}},"2":{"start":{"line":7,"column":12},"end":{"line":7,"column":54}},"3":{"start":{"line":9,"column":8},"end":{"line":9,"column":35}},"4":{"start":{"line":10,"column":8},"end":{"line":10,"column":32}},"5":{"start":{"line":14,"column":8},"end":{"line":18,"column":9}},"6":{"start":{"line":15,"column":12},"end":{"line":15,"column":36}},"7":{"start":{"line":17,"column":12},"end":{"line":17,"column":37}},"8":{"start":{"line":24,"column":0},"end":{"line":24,"column":20}}},"fnMap":{"0":{"name":"(anonymous_0)","decl":{"start":{"line":2,"column":4},"end":{"line":2,"column":5}},"loc":{"start":{"line":2,"column":24},"end":{"line":11,"column":5}},"line":2},"1":{"name":"(anonymous_1)","decl":{"start":{"line":13,"column":4},"end":{"line":13,"column":5}},"loc":{"start":{"line":13,"column":24},"end":{"line":19,"column":5}},"line":13}},"branchMap":{"0":{"loc":{"start":{"line":4,"column":8},"end":{"line":8,"column":9}},"type":"if","locations":[{"start":{"line":4,"column":8},"end":{"line":8,"column":9}},{"start":{"line":6,"column":15},"end":{"line":8,"column":9}}],"line":4},"1":{"loc":{"start":{"line":14,"column":8},"end":{"line":18,"column":9}},"type":"if","locations":[{"start":{"line":14,"column":8},"end":{"line":18,"column":9}},{"start":{"line":16,"column":15},"end":{"line":18,"column":9}}],"line":14}},"s":{"0":6,"1":5,"2":1,"3":5,"4":5,"5":5,"6":0,"7":5,"8":4},"f":{"0":6,"1":5},"b":{"0":[5,1],"1":[0,5]},"_coverageSchema":"1a1c01bbd47fc00a2c39e90264f33305004495a9","hash":"359932b36379ca29aad5f8a82079ab28b90e0d3c"}
,"/usr/local/google/home/edavenportjr/Desktop/Multiverse_Activities/Week-1/AirportDomain/CrewMember.js": {"path":"/usr/local/google/home/edavenportjr/Desktop/Multiverse_Activities/Week-1/AirportDomain/CrewMember.js","statementMap":{"0":{"start":{"line":1,"column":12},"end":{"line":1,"column":28}},"1":{"start":{"line":2,"column":15},"end":{"line":2,"column":34}},"2":{"start":{"line":6,"column":8},"end":{"line":6,"column":19}},"3":{"start":{"line":7,"column":8},"end":{"line":11,"column":9}},"4":{"start":{"line":8,"column":12},"end":{"line":8,"column":36}},"5":{"start":{"line":10,"column":12},"end":{"line":10,"column":48}},"6":{"start":{"line":13,"column":8},"end":{"line":13,"column":38}},"7":{"start":{"line":17,"column":0},"end":{"line":17,"column":27}}},"fnMap":{"0":{"name":"(anonymous_0)","decl":{"start":{"line":5,"column":4},"end":{"line":5,"column":5}},"loc":{"start":{"line":5,"column":45},"end":{"line":14,"column":5}},"line":5}},"branchMap":{"0":{"loc":{"start":{"line":7,"column":8},"end":{"line":11,"column":9}},"type":"if","locations":[{"start":{"line":7,"column":8},"end":{"line":11,"column":9}},{"start":{"line":9,"column":15},"end":{"line":11,"column":9}}],"line":7}},"s":{"0":2,"1":2,"2":6,"3":4,"4":4,"5":0,"6":4,"7":2},"f":{"0":6},"b":{"0":[4,0]},"_coverageSchema":"1a1c01bbd47fc00a2c39e90264f33305004495a9","hash":"0da64f207ae36b5c0557d4a0e49603b03081a4fe"}
,"/usr/local/google/home/edavenportjr/Desktop/Multiverse_Activities/Week-1/AirportDomain/Passenger.js": {"path":"/usr/local/google/home/edavenportjr/Desktop/Multiverse_Activities/Week-1/AirportDomain/Passenger.js","statementMap":{"0":{"start":{"line":1,"column":12},"end":{"line":1,"column":28}},"1":{"start":{"line":2,"column":15},"end":{"line":2,"column":34}},"2":{"start":{"line":6,"column":8},"end":{"line":6,"column":19}},"3":{"start":{"line":7,"column":8},"end":{"line":7,"column":44}},"4":{"start":{"line":8,"column":8},"end":{"line":8,"column":36}},"5":{"start":{"line":13,"column":0},"end":{"line":13,"column":26}},"6":{"start":{"line":19,"column":9},"end":{"line":19,"column":45}},"7":{"start":{"line":20,"column":9},"end":{"line":20,"column":20}},"8":{"start":{"line":21,"column":0},"end":{"line":21,"column":13}},"9":{"start":{"line":22,"column":0},"end":{"line":22,"column":20}},"10":{"start":{"line":23,"column":0},"end":{"line":23,"column":20}}},"fnMap":{"0":{"name":"(anonymous_0)","decl":{"start":{"line":5,"column":4},"end":{"line":5,"column":5}},"loc":{"start":{"line":5,"column":50},"end":{"line":9,"column":5}},"line":5}},"branchMap":{},"s":{"0":3,"1":3,"2":6,"3":6,"4":6,"5":3,"6":3,"7":3,"8":3,"9":3,"10":3},"f":{"0":6},"b":{},"_coverageSchema":"1a1c01bbd47fc00a2c39e90264f33305004495a9","hash":"ab86c43ce098e697be2c10ff7c6d691f6037648b"}
,"/usr/local/google/home/edavenportjr/Desktop/Multiverse_Activities/Week-1/AirportDomain/Person.js": {"path":"/usr/local/google/home/edavenportjr/Desktop/Multiverse_Activities/Week-1/AirportDomain/Person.js","statementMap":{"0":{"start":{"line":3,"column":8},"end":{"line":9,"column":9}},"1":{"start":{"line":4,"column":12},"end":{"line":4,"column":28}},"2":{"start":{"line":5,"column":15},"end":{"line":9,"column":9}},"3":{"start":{"line":6,"column":12},"end":{"line":6,"column":58}},"4":{"start":{"line":8,"column":12},"end":{"line":8,"column":44}},"5":{"start":{"line":11,"column":8},"end":{"line":11,"column":22}},"6":{"start":{"line":15,"column":8},"end":{"line":15,"column":27}},"7":{"start":{"line":19,"column":0},"end":{"line":19,"column":23}}},"fnMap":{"0":{"name":"(anonymous_0)","decl":{"start":{"line":2,"column":4},"end":{"line":2,"column":5}},"loc":{"start":{"line":2,"column":22},"end":{"line":12,"column":5}},"line":2},"1":{"name":"(anonymous_1)","decl":{"start":{"line":14,"column":4},"end":{"line":14,"column":5}},"loc":{"start":{"line":14,"column":16},"end":{"line":16,"column":5}},"line":14}},"branchMap":{"0":{"loc":{"start":{"line":3,"column":8},"end":{"line":9,"column":9}},"type":"if","locations":[{"start":{"line":3,"column":8},"end":{"line":9,"column":9}},{"start":{"line":5,"column":15},"end":{"line":9,"column":9}}],"line":3},"1":{"loc":{"start":{"line":3,"column":12},"end":{"line":3,"column":43}},"type":"binary-expr","locations":[{"start":{"line":3,"column":12},"end":{"line":3,"column":16}},{"start":{"line":3,"column":20},"end":{"line":3,"column":43}}],"line":3},"2":{"loc":{"start":{"line":5,"column":15},"end":{"line":9,"column":9}},"type":"if","locations":[{"start":{"line":5,"column":15},"end":{"line":9,"column":9}},{"start":{"line":7,"column":15},"end":{"line":9,"column":9}}],"line":5},"3":{"loc":{"start":{"line":5,"column":18},"end":{"line":5,"column":49}},"type":"binary-expr","locations":[{"start":{"line":5,"column":18},"end":{"line":5,"column":22}},{"start":{"line":5,"column":26},"end":{"line":5,"column":49}}],"line":5}},"s":{"0":12,"1":10,"2":2,"3":1,"4":1,"5":10,"6":5,"7":3},"f":{"0":12,"1":5},"b":{"0":[10,2],"1":[12,11],"2":[1,1],"3":[2,1]},"_coverageSchema":"1a1c01bbd47fc00a2c39e90264f33305004495a9","hash":"11d0a5913c9b446aba5e89c4c0d230aa7902160f"}
,"/usr/local/google/home/edavenportjr/Desktop/Multiverse_Activities/Week-1/AirportDomain/Plane.js": {"path":"/usr/local/google/home/edavenportjr/Desktop/Multiverse_Activities/Week-1/AirportDomain/Plane.js","statementMap":{"0":{"start":{"line":3,"column":8},"end":{"line":3,"column":24}},"1":{"start":{"line":4,"column":8},"end":{"line":4,"column":29}},"2":{"start":{"line":5,"column":8},"end":{"line":5,"column":24}},"3":{"start":{"line":6,"column":8},"end":{"line":6,"column":28}},"4":{"start":{"line":7,"column":8},"end":{"line":7,"column":29}},"5":{"start":{"line":11,"column":8},"end":{"line":11,"column":39}},"6":{"start":{"line":15,"column":8},"end":{"line":15,"column":41}},"7":{"start":{"line":19,"column":0},"end":{"line":19,"column":22}}},"fnMap":{"0":{"name":"(anonymous_0)","decl":{"start":{"line":2,"column":4},"end":{"line":2,"column":5}},"loc":{"start":{"line":2,"column":22},"end":{"line":8,"column":5}},"line":2},"1":{"name":"(anonymous_1)","decl":{"start":{"line":10,"column":4},"end":{"line":10,"column":5}},"loc":{"start":{"line":10,"column":30},"end":{"line":12,"column":5}},"line":10},"2":{"name":"(anonymous_2)","decl":{"start":{"line":14,"column":4},"end":{"line":14,"column":5}},"loc":{"start":{"line":14,"column":32},"end":{"line":16,"column":5}},"line":14}},"branchMap":{},"s":{"0":6,"1":6,"2":6,"3":6,"4":6,"5":2,"6":2,"7":4},"f":{"0":6,"1":2,"2":2},"b":{},"_coverageSchema":"1a1c01bbd47fc00a2c39e90264f33305004495a9","hash":"2635495d35b83e6054bc5c169bfba9f667d06451"}
}
