TN:
SF:Airport.js
FN:7,(anonymous_0)
FN:13,(anonymous_1)
FN:22,(anonymous_2)
FNF:3
FNH:2
FNDA:2,(anonymous_0)
FNDA:2,(anonymous_1)
FNDA:0,(anonymous_2)
DA:1,2
DA:5,2
DA:8,2
DA:9,2
DA:10,2
DA:14,2
DA:15,2
DA:18,2
DA:24,0
DA:25,0
DA:26,0
DA:30,2
LF:12
LH:9
BRDA:14,0,0,2
BRDA:14,0,1,0
BRF:2
BRH:1
end_of_record
TN:
SF:Bag.js
FN:2,(anonymous_0)
FN:13,(anonymous_1)
FNF:2
FNH:2
FNDA:6,(anonymous_0)
FNDA:5,(anonymous_1)
DA:4,6
DA:5,5
DA:7,1
DA:9,5
DA:10,5
DA:14,5
DA:15,0
DA:17,5
DA:24,4
LF:9
LH:8
BRDA:4,0,0,5
BRDA:4,0,1,1
BRDA:14,1,0,0
BRDA:14,1,1,5
BRF:4
BRH:3
end_of_record
TN:
SF:CrewMember.js
FN:5,(anonymous_0)
FNF:1
FNH:1
FNDA:6,(anonymous_0)
DA:1,2
DA:2,2
DA:6,6
DA:7,4
DA:8,4
DA:10,0
DA:13,4
DA:17,2
LF:8
LH:7
BRDA:7,0,0,4
BRDA:7,0,1,0
BRF:2
BRH:1
end_of_record
TN:
SF:Passenger.js
FN:5,(anonymous_0)
FNF:1
FNH:1
FNDA:6,(anonymous_0)
DA:1,3
DA:2,3
DA:6,6
DA:7,6
DA:8,6
DA:13,3
DA:19,3
DA:20,3
DA:21,3
DA:22,3
DA:23,3
LF:11
LH:11
BRF:0
BRH:0
end_of_record
TN:
SF:Person.js
FN:2,(anonymous_0)
FN:14,(anonymous_1)
FNF:2
FNH:2
FNDA:12,(anonymous_0)
FNDA:5,(anonymous_1)
DA:3,12
DA:4,10
DA:5,2
DA:6,1
DA:8,1
DA:11,10
DA:15,5
DA:19,3
LF:8
LH:8
BRDA:3,0,0,10
BRDA:3,0,1,2
BRDA:3,1,0,12
BRDA:3,1,1,11
BRDA:5,2,0,1
BRDA:5,2,1,1
BRDA:5,3,0,2
BRDA:5,3,1,1
BRF:8
BRH:8
end_of_record
TN:
SF:Plane.js
FN:2,(anonymous_0)
FN:10,(anonymous_1)
FN:14,(anonymous_2)
FNF:3
FNH:3
FNDA:6,(anonymous_0)
FNDA:2,(anonymous_1)
FNDA:2,(anonymous_2)
DA:3,6
DA:4,6
DA:5,6
DA:6,6
DA:7,6
DA:11,2
DA:15,2
DA:19,4
LF:8
LH:8
BRF:0
BRH:0
end_of_record
